\BOOKMARK [1][-]{section.0}{\376\377\000I\000n\000\040\000P\000r\000o\000g\000r\000e\000s\000s}{}% 1
\BOOKMARK [1][-]{section.1}{\376\377\000S\000I\000G\000G\000R\000A\000P\000H\000\040\000c\000o\000u\000r\000s\000e\000s}{}% 2
\BOOKMARK [1][-]{section.2}{\376\377\000O\000p\000e\000n\000\040\000c\000o\000u\000r\000s\000e\000s}{}% 3
\BOOKMARK [2][-]{subsection.2.1}{\376\377\000G\000A\000M\000E\000S\000\040\000s\000e\000r\000i\000e\000s}{section.2}% 4
\BOOKMARK [2][-]{subsection.2.2}{\376\377\000V\000i\000r\000t\000u\000a\000l\000\040\000h\000u\000m\000a\000n}{section.2}% 5
\BOOKMARK [1][-]{section.3}{\376\377\000B\000o\000o\000k\000s}{}% 6
\BOOKMARK [2][-]{subsection.3.1}{\376\377\000C\000G\000\040\000b\000a\000s\000i\000c\000s}{section.3}% 7
\BOOKMARK [2][-]{subsection.3.2}{\376\377\000R\000e\000n\000d\000e\000r\000i\000n\000g}{section.3}% 8
\BOOKMARK [2][-]{subsection.3.3}{\376\377\000P\000B\000A}{section.3}% 9
\BOOKMARK [1][-]{section.4}{\376\377\000W\000e\000b\000s\000i\000t\000e\000s}{}% 10
\BOOKMARK [1][-]{section.5}{\376\377\000P\000a\000p\000e\000r\000s}{}% 11
\BOOKMARK [1][-]{section.6}{\376\377\000T\000o\000o\000l\000s}{}% 12
\BOOKMARK [2][-]{subsection.6.1}{\376\377\000T\000a\000i\000c\000h\000i}{section.6}% 13
\BOOKMARK [1][-]{section.7}{\376\377\000M\000a\000t\000h\000\040\000a\000n\000d\000\040\000P\000h\000y\000s\000i\000c\000s}{}% 14
\BOOKMARK [2][-]{subsection.7.1}{\376\377\000M\000a\000t\000h}{section.7}% 15
\BOOKMARK [2][-]{subsection.7.2}{\376\377\000P\000h\000y\000s\000i\000c\000s}{section.7}% 16
\BOOKMARK [1][-]{section.8}{\376\377\000M\000i\000s\000c}{}% 17
\BOOKMARK [2][-]{subsection.8.1}{\376\377\000G\000N\000N}{section.8}% 18
\BOOKMARK [3][-]{subsubsection.8.1.1}{\376\377\000P\000a\000p\000e\000r\000s\000\040\000t\000o\000\040\000r\000e\000a\000d}{subsection.8.1}% 19
\BOOKMARK [2][-]{subsection.8.2}{\376\377\000H\000G\000N\000N}{section.8}% 20
\BOOKMARK [3][-]{subsubsection.8.2.1}{\376\377\000P\000a\000p\000e\000r\000s\000\040\000t\000o\000\040\000r\000e\000a\000d}{subsection.8.2}% 21
